<?xml version="1.0" encoding="UTF-8"?>
<!-- Generated by org.testng.reporters.JUnitXMLReporter -->
<testsuite hostname="DESKTOP-8F70P3O" ignored="0" name="Default test" tests="3" failures="0" timestamp="2021-10-30T11:58:01 IST" time="0.472" errors="0">
  <testcase name="testCaseData" time="0.005" classname="dataDriven.ExcelDataProvider.DataProvide"/>
  <testcase name="testCaseData" time="0.001" classname="dataDriven.ExcelDataProvider.DataProvide"/>
  <testcase name="testCaseData" time="0.001" classname="dataDriven.ExcelDataProvider.DataProvide"/>
</testsuite> <!-- Default test -->
